<?xml version="1.0" encoding="UTF-8"?>
<!-- Generated by org.testng.reporters.JUnitXMLReporter -->
<testsuite hostname="f45c899d4237" ignored="2" name="Default test" tests="1" failures="0" timestamp="07 Nov 2017 15:50:00 GMT" time="16.463" errors="0">
  <testcase name="webdriverCommands3" time="16.449" classname="seleniumCodingDay3.seleniumTestScript1"/>
  <testcase name="webDriverCommands2" time="0.0" classname="seleniumCodingDay3.seleniumTestScript1">
    <ignored/>
  </testcase> <!-- webDriverCommands2 -->
  <testcase name="webDriverCommands" time="0.0" classname="seleniumCodingDay3.seleniumTestScript1">
    <ignored/>
  </testcase> <!-- webDriverCommands -->
</testsuite> <!-- Default test -->
