<?xml version="1.0" encoding="UTF-8"?>
<testng-results skipped="0" failed="0" ignored="2" total="3" passed="1">
  <reporter-output>
  </reporter-output>
  <suite name="Default suite" duration-ms="16463" started-at="2017-11-07T15:49:43Z" finished-at="2017-11-07T15:50:00Z">
    <groups>
    </groups>
    <test name="Default test" duration-ms="16463" started-at="2017-11-07T15:49:43Z" finished-at="2017-11-07T15:50:00Z">
      <class name="seleniumCodingDay3.seleniumTestScript1">
        <test-method status="PASS" signature="webdriverCommands3()[pri:0, instance:seleniumCodingDay3.seleniumTestScript1@d2cc05a]" name="webdriverCommands3" duration-ms="16449" started-at="2017-11-07T21:19:43Z" finished-at="2017-11-07T21:20:00Z">
          <reporter-output>
          </reporter-output>
        </test-method> <!-- webdriverCommands3 -->
      </class> <!-- seleniumCodingDay3.seleniumTestScript1 -->
    </test> <!-- Default test -->
  </suite> <!-- Default suite -->
</testng-results>
